Arguments: 
  C:\Program Files\nodejs\node.exe C:\Users\85081\AppData\Roaming\npm\node_modules\yarn\bin\yarn.js install

PATH: 
  C:\Windows\system32;C:\Windows;C:\Windows\System32\Wbem;C:\Windows\System32\WindowsPowerShell\v1.0\;C:\软件\Git\cmd;C:\Program Files\nodejs\;C:\Program Files (x86)\Yarn\bin;C:\Users\85081\AppData\Local\Microsoft\WindowsApps;C:\软件\Microsoft VS Code\bin;C:\Users\85081\AppData\Roaming\npm;C:\Users\85081\AppData\Local\GitHubDesktop\bin;C:\Users\85081\AppData\Local\Yarn\bin;C:\软件\Bandizip\;C:\Users\85081\AppData\Local\atom\bin

Yarn version: 
  1.0.0

Node version: 
  8.4.0

Platform: 
  win32 x64

npm manifest: 
  {
    "name": "crf-consumption",
    "version": "1.0.0",
    "description": "crf-consumption",
    "main": "index.js",
    "scripts": {
      "start": "npm-run-all --parallel open:src",
      "open:src": "babel-node server.js",
      "clean": "rimraf dist",
      "build:webpack": "webpack --config webpack-pro-config.js --progress --colors & gulp copy & gulp minhtml & gulp img",
      "build": "npm-run-all clean build:webpack"
    },
    "keywords": [
      "react",
      "es6",
      "webpack"
    ],
    "author": "Squall",
    "license": "MIT",
    "dependencies": {
      "antd-mobile": "^1.1.3",
      "babel-runtime": "^6.23.0",
      "dateformat": "^2.0.0",
      "es6-promise": "^4.1.0",
      "gulp-htmlmin": "^3.0.0",
      "object-assign": "^4.1.1",
      "rc-form": "^1.3.3",
      "react": "^15.5.0",
      "react-dom": "^15.5.0",
      "react-router": "^3.0.0",
      "react-tap-event-plugin": "^2.0.1",
      "redux": "^3.6.0",
      "whatwg-fetch": "^2.0.3"
    },
    "devDependencies": {
      "autoprefixer": "^6.7.7",
      "babel-cli": "^6.24.1",
      "babel-core": "^6.24.1",
      "babel-loader": "^7.0.0",
      "babel-plugin-import": "^1.1.1",
      "babel-plugin-lodash": "^3.2.11",
      "babel-plugin-transform-runtime": "^6.23.0",
      "babel-preset-env": "^1.3.3",
      "babel-preset-es2015": "^6.24.1",
      "babel-preset-react": "^6.24.1",
      "babel-preset-stage-0": "^6.24.1",
      "browser-sync": "^2.18.8",
      "copy-webpack-plugin": "^4.0.1",
      "css-loader": "^0.28.0",
      "express": "^4.15.3",
      "extract-text-webpack-plugin": "2.1.2",
      "file-loader": "^0.11.1",
      "gulp": "^3.9.1",
      "html-webpack-plugin": "^2.28.0",
      "moment": "^2.18.1",
      "node-sass": "4.5.2",
      "npm-run-all": "^4.0.2",
      "numeral": "^2.0.6",
      "optimize-css-assets-webpack-plugin": "^3.0.0",
      "postcss-loader": "^1.3.3",
      "postcss-scss": "^1.0.0",
      "precss": "^1.4.0",
      "pubsub-js": "^1.5.7",
      "react-hot-loader": "^3.0.0-beta.6",
      "react-swipes": "^1.0.6",
      "react-tooltip": "^3.3.0",
      "rimraf": "^2.6.1",
      "rucksack-css": "^0.8.6",
      "style-loader": "^0.16.1",
      "svg-sprite-loader": "^0.3.1",
      "url-loader": "^0.5.8",
      "webpack": "^2.3.3",
      "webpack-dev-middleware": "^1.10.1",
      "webpack-hot-middleware": "^2.18.0",
      "webpack-md5-hash": "^0.0.5"
    }
  }

yarn manifest: 
  No manifest

Lockfile: 
  No lockfile

Trace: 
  Error: connect ECONNABORTED 104.16.62.173:443
      at Object._errnoException (util.js:1041:11)
      at _exceptionWithHostPort (util.js:1064:20)
      at TCPConnectWrap.afterConnect [as oncomplete] (net.js:1153:14)
